<?xml version="1.0" encoding="UTF-8"?>
<!-- Generated by org.testng.reporters.JUnitReportReporter -->
<testsuite skipped="0" hostname="CLDmamanrique01" name="testCases.TestCases" tests="1" failures="0" timestamp="13 Dec 2018 15:45:26 GMT" time="137.591" errors="0">
  <testcase name="newPayPolicyTemplate" time="137.591" classname="testCases.TestCases"/>
</testsuite> <!-- testCases.TestCases -->
