<?xml version="1.0" encoding="UTF-8"?>
<!-- Generated by org.testng.reporters.JUnitReportReporter -->
<testsuite skipped="0" hostname="CLDmamanrique01" name="testCases.TestCases" tests="1" failures="0" timestamp="19 Nov 2018 20:34:08 GMT" time="50.452" errors="0">
  <testcase name="newPolicy" time="50.452" classname="testCases.TestCases"/>
</testsuite> <!-- testCases.TestCases -->
