<?xml version="1.0" encoding="UTF-8"?>
<!-- Generated by org.testng.reporters.JUnitReportReporter -->
<testsuite skipped="0" hostname="CLDmamanrique01" name="testCases.TestCases" tests="1" failures="0" timestamp="12 Dec 2018 21:10:37 GMT" time="45.379" errors="0">
  <testcase name="pageTwoBSU" time="45.379" classname="testCases.TestCases"/>
</testsuite> <!-- testCases.TestCases -->
