<?xml version="1.0" encoding="UTF-8"?>
<!-- Generated by org.testng.reporters.JUnitReportReporter -->
<testsuite skipped="0" hostname="CLDmamanrique01" name="testCases.TestCases" tests="1" failures="0" timestamp="16 Nov 2018 20:55:15 GMT" time="153.592" errors="0">
  <testcase name="newPolicy" time="153.592" classname="testCases.TestCases"/>
</testsuite> <!-- testCases.TestCases -->
