<?xml version="1.0" encoding="UTF-8"?>
<!-- Generated by org.testng.reporters.JUnitReportReporter -->
<testsuite skipped="0" hostname="CLDmamanrique01" name="testCases.TestCases" tests="1" failures="0" timestamp="21 Nov 2018 16:10:11 GMT" time="81.062" errors="0">
  <testcase name="newPolicy" time="81.062" classname="testCases.TestCases"/>
</testsuite> <!-- testCases.TestCases -->
