<?xml version="1.0" encoding="UTF-8"?>
<!-- Generated by org.testng.reporters.JUnitReportReporter -->
<testsuite skipped="0" hostname="CLDmamanrique01" name="testCases.TestsDataDriven" tests="10" failures="0" timestamp="21 Nov 2018 12:51:39 GMT" time="511.717" errors="0">
  <testcase name="newPolicies" time="50.599" classname="testCases.TestsDataDriven"/>
  <testcase name="newPolicies" time="53.535" classname="testCases.TestsDataDriven"/>
  <testcase name="newPolicies" time="50.797" classname="testCases.TestsDataDriven"/>
  <testcase name="newPolicies" time="52.671" classname="testCases.TestsDataDriven"/>
  <testcase name="newPolicies" time="50.471" classname="testCases.TestsDataDriven"/>
  <testcase name="newPolicies" time="48.986" classname="testCases.TestsDataDriven"/>
  <testcase name="newPolicies" time="51.996" classname="testCases.TestsDataDriven"/>
  <testcase name="newPolicies" time="50.880" classname="testCases.TestsDataDriven"/>
  <testcase name="newPolicies" time="49.581" classname="testCases.TestsDataDriven"/>
  <testcase name="newPolicies" time="52.201" classname="testCases.TestsDataDriven"/>
</testsuite> <!-- testCases.TestsDataDriven -->
