<?xml version="1.0" encoding="UTF-8"?>
<!-- Generated by org.testng.reporters.JUnitReportReporter -->
<testsuite skipped="0" hostname="CLDmamanrique01" name="testCases.TestCases" tests="1" failures="0" timestamp="08 Nov 2018 15:55:06 GMT" time="87.961" errors="0">
  <testcase name="newAssigneeAssignmentPolicy" time="87.961" classname="testCases.TestCases"/>
</testsuite> <!-- testCases.TestCases -->
