<?xml version="1.0" encoding="UTF-8"?>
<!-- Generated by org.testng.reporters.JUnitReportReporter -->
<testsuite skipped="0" hostname="CLDmamanrique01" name="testCases.TestCases" tests="1" failures="0" timestamp="29 Oct 2018 16:39:39 GMT" time="87.923" errors="0">
  <testcase name="newAssignee" time="87.923" classname="testCases.TestCases"/>
</testsuite> <!-- testCases.TestCases -->
