<?xml version="1.0" encoding="UTF-8"?>
<!-- Generated by org.testng.reporters.JUnitReportReporter -->
<testsuite skipped="0" hostname="CLDmamanrique01" name="testCases.TestsDataDriven" tests="2" failures="0" timestamp="05 Dec 2018 13:24:01 GMT" time="119.376" errors="0">
  <testcase name="newCompImport" time="72.264" classname="testCases.TestsDataDriven"/>
  <testcase name="newCompImport" time="47.112" classname="testCases.TestsDataDriven"/>
</testsuite> <!-- testCases.TestsDataDriven -->
