<?xml version="1.0" encoding="UTF-8"?>
<!-- Generated by org.testng.reporters.JUnitReportReporter -->
<testsuite skipped="0" hostname="CLDmamanrique01" name="testCases.TestCases" tests="1" failures="0" timestamp="10 Dec 2018 18:16:14 GMT" time="138.803" errors="0">
  <testcase name="newpayPolicyTemplate" time="138.803" classname="testCases.TestCases"/>
</testsuite> <!-- testCases.TestCases -->
