<?xml version="1.0" encoding="UTF-8"?>
<!-- Generated by org.testng.reporters.JUnitReportReporter -->
<testsuite skipped="0" hostname="CLDmamanrique01" name="testCases.TestsDataDriven" tests="3" failures="0" timestamp="22 Nov 2018 21:26:26 GMT" time="59.908" errors="0">
  <testcase name="compImportLegacy" time="27.067" classname="testCases.TestsDataDriven"/>
  <testcase name="compImportLegacy" time="15.706" classname="testCases.TestsDataDriven"/>
  <testcase name="compImportLegacy" time="17.135" classname="testCases.TestsDataDriven"/>
</testsuite> <!-- testCases.TestsDataDriven -->
