<?xml version="1.0" encoding="UTF-8"?>
<!-- Generated by org.testng.reporters.JUnitReportReporter -->
<testsuite skipped="0" hostname="CLDmamanrique01" name="testCases.TestsDataDriven" tests="1" failures="0" timestamp="02 Nov 2018 16:38:22 GMT" time="76.097" errors="0">
  <testcase name="newAssigneeAssignmentPolicy" time="76.097" classname="testCases.TestsDataDriven"/>
</testsuite> <!-- testCases.TestsDataDriven -->
