<?xml version="1.0" encoding="UTF-8"?>
<!-- Generated by org.testng.reporters.JUnitReportReporter -->
<testsuite skipped="0" hostname="CLDmamanrique01" name="testCases.TestsDataDriven" tests="1" failures="0" timestamp="31 Oct 2018 04:45:53 GMT" time="66.874" errors="0">
  <testcase name="newAssigneeAssignmentPolicy" time="66.874" classname="testCases.TestsDataDriven"/>
</testsuite> <!-- testCases.TestsDataDriven -->
