<?xml version="1.0" encoding="UTF-8"?>
<!-- Generated by org.testng.reporters.JUnitReportReporter -->
<testsuite skipped="0" hostname="CLDmamanrique01" name="testCases.TestsDataDriven" tests="5" failures="0" timestamp="13 Dec 2018 11:54:12 GMT" time="183.607" errors="0">
  <testcase name="bulkStatusUpdate" time="50.214" classname="testCases.TestsDataDriven"/>
  <testcase name="bulkStatusUpdate" time="44.093" classname="testCases.TestsDataDriven"/>
  <testcase name="bulkStatusUpdate" time="22.590" classname="testCases.TestsDataDriven"/>
  <testcase name="bulkStatusUpdate" time="44.404" classname="testCases.TestsDataDriven"/>
  <testcase name="bulkStatusUpdate" time="22.306" classname="testCases.TestsDataDriven"/>
</testsuite> <!-- testCases.TestsDataDriven -->
