<?xml version="1.0" encoding="UTF-8"?>
<!-- Generated by org.testng.reporters.JUnitReportReporter -->
<testsuite skipped="0" hostname="CLDmamanrique01" name="testCases.TestCases" tests="1" failures="0" timestamp="05 Dec 2018 12:35:07 GMT" time="44.068" errors="0">
  <testcase name="newCompImport" time="44.068" classname="testCases.TestCases"/>
</testsuite> <!-- testCases.TestCases -->
