<?xml version="1.0" encoding="UTF-8"?>
<!-- Generated by org.testng.reporters.JUnitReportReporter -->
<testsuite skipped="0" hostname="CLDmamanrique01" name="testCases.TestCases" tests="1" failures="0" timestamp="22 Nov 2018 21:23:21 GMT" time="15.845" errors="0">
  <testcase name="importLegacy" time="15.845" classname="testCases.TestCases"/>
</testsuite> <!-- testCases.TestCases -->
