<?xml version="1.0" encoding="UTF-8"?>
<!-- Generated by org.testng.reporters.JUnitReportReporter -->
<testsuite skipped="0" hostname="CLDmamanrique01" name="testCases.TestCases" tests="1" failures="0" timestamp="03 Jan 2019 13:39:44 GMT" time="108.929" errors="0">
  <testcase name="newAssigneeAssignmentPolicy" time="108.929" classname="testCases.TestCases"/>
</testsuite> <!-- testCases.TestCases -->
